{
  "RSpec": {
    "coverage": {
      "/home/addisonmartin/RubymineProjects/ShareTheFood/app/models/user.rb": {
        "lines": [
          null,
          null,
          null,
          null,
          null,
          null,
          null,
          null,
          null,
          null,
          null,
          null,
          null,
          null,
          null,
          null,
          null,
          null,
          null,
          null,
          null,
          null,
          null,
          null,
          null,
          null,
          null,
          null,
          null,
          null,
          null,
          null,
          null,
          null,
          null,
          null,
          1,
          null,
          1,
          null,
          null,
          null,
          null,
          1,
          1,
          null,
          null,
          1,
          null,
          null,
          1,
          null,
          null,
          1,
          null,
          1,
          1,
          1,
          null
        ],
        "branches": {
        }
      },
      "/home/addisonmartin/RubymineProjects/ShareTheFood/app/models/application_record.rb": {
        "lines": [
          null,
          null,
          null,
          1,
          1,
          null
        ],
        "branches": {
        }
      },
      "/home/addisonmartin/RubymineProjects/ShareTheFood/app/helpers/application_helper.rb": {
        "lines": [
          null,
          null,
          null,
          1,
          null,
          1,
          null,
          1,
          null,
          null,
          null,
          null,
          null,
          null,
          null,
          1,
          0,
          null,
          null,
          null,
          1,
          60,
          60,
          60,
          null,
          null,
          60,
          null,
          null,
          60,
          null,
          null,
          null,
          null,
          null,
          null,
          1,
          27,
          27,
          22,
          22,
          22,
          null,
          null,
          22,
          22,
          22,
          null,
          null,
          null,
          5,
          5,
          5,
          null,
          null,
          5,
          5,
          5,
          null,
          null,
          null,
          null,
          null,
          null,
          null
        ],
        "branches": {
          "[:if, 0, 27, 4, 27, 69]": {
            "[:then, 1, 27, 4, 27, 41]": 0,
            "[:else, 2, 27, 4, 27, 69]": 60
          },
          "[:if, 3, 39, 6, 61, 9]": {
            "[:then, 4, 40, 8, 49, 12]": 22,
            "[:else, 5, 51, 8, 60, 12]": 5
          }
        }
      },
      "/home/addisonmartin/RubymineProjects/ShareTheFood/app/helpers/donations_helper.rb": {
        "lines": [
          null,
          null,
          null,
          1,
          1,
          6,
          null,
          null,
          1,
          0,
          null,
          null,
          1,
          3,
          null,
          null
        ],
        "branches": {
        }
      },
      "/home/addisonmartin/RubymineProjects/ShareTheFood/app/helpers/posts_helper.rb": {
        "lines": [
          null,
          null,
          null,
          1,
          null
        ],
        "branches": {
        }
      },
      "/home/addisonmartin/RubymineProjects/ShareTheFood/app/models/donation.rb": {
        "lines": [
          null,
          null,
          null,
          null,
          null,
          null,
          null,
          null,
          null,
          null,
          null,
          null,
          null,
          null,
          null,
          null,
          null,
          null,
          null,
          null,
          null,
          null,
          null,
          null,
          null,
          null,
          null,
          null,
          null,
          null,
          null,
          null,
          null,
          null,
          null,
          null,
          null,
          null,
          null,
          null,
          null,
          null,
          null,
          1,
          1,
          null,
          1,
          null,
          null,
          1,
          null,
          null,
          1,
          null,
          null,
          1,
          1,
          null,
          null,
          1,
          null,
          1,
          1,
          null,
          null,
          null,
          1,
          1,
          null
        ],
        "branches": {
        }
      },
      "/home/addisonmartin/RubymineProjects/ShareTheFood/app/models/post.rb": {
        "lines": [
          null,
          null,
          null,
          null,
          null,
          null,
          null,
          null,
          null,
          null,
          null,
          null,
          null,
          null,
          null,
          null,
          null,
          null,
          null,
          null,
          null,
          null,
          null,
          null,
          null,
          null,
          1,
          1,
          null,
          1,
          null,
          null,
          1,
          null,
          null,
          1,
          null,
          null,
          1,
          1,
          null,
          4,
          null,
          1,
          1,
          1,
          null
        ],
        "branches": {
        }
      },
      "/home/addisonmartin/RubymineProjects/ShareTheFood/app/controllers/donations_controller.rb": {
        "lines": [
          null,
          null,
          null,
          1,
          1,
          null,
          1,
          null,
          1,
          null,
          null,
          null,
          1,
          null,
          null,
          null,
          3,
          null,
          3,
          null,
          3,
          null,
          3,
          null,
          3,
          null,
          null,
          null,
          null,
          1,
          null,
          3,
          null,
          3,
          null,
          3,
          3,
          3,
          3,
          3,
          null,
          3,
          null,
          null,
          null,
          1,
          null,
          2,
          null,
          null,
          null,
          1,
          null,
          3,
          null,
          null,
          null,
          null,
          1,
          null,
          8,
          null,
          8,
          null,
          8,
          8,
          8,
          4,
          null,
          8,
          4,
          null,
          null,
          null,
          null,
          null,
          null,
          1,
          null,
          7,
          null,
          5,
          5,
          10,
          5,
          null,
          0,
          0,
          null,
          null,
          null,
          null,
          null,
          null,
          1,
          null,
          4,
          null,
          3,
          3,
          6,
          3,
          null,
          null,
          null,
          1,
          null,
          null,
          1,
          3,
          3,
          3,
          null,
          null,
          null,
          null,
          null,
          null,
          null,
          null,
          1,
          21,
          null,
          null,
          null,
          1,
          13,
          null,
          null,
          null,
          null,
          null,
          null,
          null,
          null,
          null,
          null,
          null,
          null,
          null,
          null,
          null,
          null,
          null,
          null,
          null,
          null,
          null,
          null
        ],
        "branches": {
          "[:if, 0, 19, 4, 19, 101]": {
            "[:then, 1, 19, 4, 19, 70]": 0,
            "[:else, 2, 19, 4, 19, 101]": 3
          },
          "[:if, 3, 66, 6, 72, 9]": {
            "[:then, 4, 67, 8, 68, 75]": 4,
            "[:else, 5, 70, 8, 71, 84]": 4
          },
          "[:if, 6, 83, 6, 89, 9]": {
            "[:then, 7, 84, 8, 85, 70]": 5,
            "[:else, 8, 87, 8, 88, 84]": 0
          }
        }
      },
      "/home/addisonmartin/RubymineProjects/ShareTheFood/app/controllers/application_controller.rb": {
        "lines": [
          null,
          null,
          null,
          1,
          null,
          1,
          null,
          null,
          1,
          null,
          1,
          null,
          null,
          1,
          null,
          null,
          1,
          null,
          null,
          1,
          null,
          1,
          71,
          71,
          null,
          null,
          null,
          null,
          1,
          280,
          null,
          null
        ],
        "branches": {
        }
      },
      "/home/addisonmartin/RubymineProjects/ShareTheFood/app/controllers/pages_controller.rb": {
        "lines": [
          null,
          null,
          null,
          1,
          1,
          null,
          3,
          null,
          null
        ],
        "branches": {
        }
      },
      "/home/addisonmartin/RubymineProjects/ShareTheFood/app/controllers/posts_controller.rb": {
        "lines": [
          null,
          null,
          null,
          1,
          1,
          null,
          null,
          null,
          1,
          null,
          null,
          null,
          3,
          null,
          null,
          3,
          null,
          null,
          null,
          null,
          1,
          null,
          3,
          null,
          null,
          3,
          null,
          null,
          3,
          null,
          null,
          null,
          1,
          null,
          3,
          null,
          null,
          null,
          1,
          null,
          3,
          null,
          null,
          null,
          null,
          1,
          null,
          8,
          null,
          4,
          null,
          4,
          4,
          4,
          2,
          null,
          4,
          2,
          null,
          null,
          null,
          null,
          null,
          null,
          1,
          null,
          7,
          null,
          3,
          3,
          6,
          3,
          null,
          0,
          0,
          null,
          null,
          null,
          null,
          null,
          null,
          1,
          null,
          4,
          null,
          2,
          2,
          4,
          2,
          null,
          null,
          null,
          1,
          null,
          null,
          1,
          17,
          null,
          null,
          null,
          1,
          11,
          null,
          null
        ],
        "branches": {
          "[:if, 0, 53, 6, 59, 9]": {
            "[:then, 1, 54, 8, 55, 71]": 2,
            "[:else, 2, 57, 8, 58, 80]": 2
          },
          "[:if, 3, 70, 6, 76, 9]": {
            "[:then, 4, 71, 8, 72, 66]": 3,
            "[:else, 5, 74, 8, 75, 80]": 0
          }
        }
      },
      "/home/addisonmartin/RubymineProjects/ShareTheFood/app/models/login_activity.rb": {
        "lines": [
          null,
          null,
          null,
          null,
          null,
          null,
          null,
          null,
          null,
          null,
          null,
          null,
          null,
          null,
          null,
          null,
          null,
          null,
          null,
          null,
          null,
          null,
          null,
          null,
          null,
          null,
          null,
          null,
          null,
          null,
          null,
          1,
          1,
          null
        ],
        "branches": {
        }
      },
      "/home/addisonmartin/RubymineProjects/ShareTheFood/app/models/visit.rb": {
        "lines": [
          null,
          null,
          null,
          null,
          null,
          null,
          null,
          null,
          null,
          null,
          null,
          null,
          null,
          null,
          null,
          null,
          null,
          null,
          null,
          null,
          null,
          null,
          null,
          null,
          null,
          null,
          null,
          null,
          null,
          null,
          null,
          null,
          null,
          null,
          null,
          null,
          null,
          null,
          null,
          1,
          1,
          1,
          null
        ],
        "branches": {
        }
      },
      "/home/addisonmartin/RubymineProjects/ShareTheFood/app/policies/donation_policy.rb": {
        "lines": [
          null,
          null,
          null,
          1,
          null,
          1,
          3,
          null,
          null,
          null,
          1,
          3,
          null,
          null,
          null,
          1,
          10,
          null,
          null,
          null,
          1,
          10,
          null,
          null,
          null,
          1,
          4,
          null,
          null
        ],
        "branches": {
        }
      },
      "/home/addisonmartin/RubymineProjects/ShareTheFood/app/policies/application_policy.rb": {
        "lines": [
          null,
          null,
          null,
          null,
          1,
          1,
          null,
          1,
          61,
          61,
          null,
          null,
          1,
          0,
          null,
          null,
          1,
          0,
          null,
          null,
          1,
          0,
          null,
          null,
          1,
          5,
          null,
          null,
          1,
          0,
          null,
          null,
          1,
          6,
          null,
          null,
          1,
          0,
          null,
          null,
          null,
          1,
          1,
          null,
          1,
          0,
          0,
          null,
          null,
          1,
          0,
          null,
          null,
          null
        ],
        "branches": {
        }
      },
      "/home/addisonmartin/RubymineProjects/ShareTheFood/app/decorators/donation_decorator.rb": {
        "lines": [
          null,
          null,
          null,
          1,
          1,
          null,
          1,
          42,
          null,
          null,
          1,
          3,
          null,
          0,
          null,
          null,
          null,
          1,
          3,
          null,
          3,
          3,
          3,
          3,
          3,
          3,
          3,
          null,
          3,
          null,
          null,
          3,
          null,
          null,
          3,
          null,
          3,
          null,
          null,
          1,
          3,
          null,
          3,
          3,
          3,
          3,
          3,
          null,
          null,
          3,
          null,
          null,
          null,
          1,
          3,
          null,
          null,
          1,
          null,
          1,
          null,
          null,
          null,
          null,
          null,
          null,
          null,
          null,
          null,
          1,
          7,
          null,
          null,
          null
        ],
        "branches": {
          "[:if, 0, 8, 4, 8, 26]": {
            "[:then, 1, 8, 14, 8, 19]": 21,
            "[:else, 2, 8, 22, 8, 26]": 21
          },
          "[:unless, 3, 12, 4, 12, 40]": {
            "[:else, 4, 12, 4, 12, 40]": 0,
            "[:then, 5, 12, 4, 12, 10]": 3
          },
          "[:if, 6, 21, 4, 21, 59]": {
            "[:then, 7, 21, 4, 21, 32]": 2,
            "[:else, 8, 21, 4, 21, 59]": 1
          },
          "[:if, 9, 22, 4, 22, 63]": {
            "[:then, 10, 22, 4, 22, 34]": 2,
            "[:else, 11, 22, 4, 22, 63]": 1
          },
          "[:if, 12, 23, 4, 23, 55]": {
            "[:then, 13, 23, 4, 23, 30]": 1,
            "[:else, 14, 23, 4, 23, 55]": 2
          },
          "[:if, 15, 24, 4, 24, 51]": {
            "[:then, 16, 24, 4, 24, 28]": 3,
            "[:else, 17, 24, 4, 24, 51]": 0
          },
          "[:if, 18, 25, 4, 25, 51]": {
            "[:then, 19, 25, 4, 25, 28]": 2,
            "[:else, 20, 25, 4, 25, 51]": 1
          },
          "[:if, 21, 26, 4, 26, 53]": {
            "[:then, 22, 26, 4, 26, 29]": 3,
            "[:else, 23, 26, 4, 26, 53]": 0
          },
          "[:if, 24, 27, 4, 27, 63]": {
            "[:then, 25, 27, 4, 27, 34]": 2,
            "[:else, 26, 27, 4, 27, 63]": 1
          },
          "[:if, 27, 29, 4, 29, 93]": {
            "[:then, 28, 29, 4, 29, 57]": 0,
            "[:else, 29, 29, 4, 29, 93]": 3
          },
          "[:if, 30, 35, 4, 35, 112]": {
            "[:then, 31, 35, 4, 35, 62]": 3,
            "[:else, 32, 35, 4, 35, 112]": 0
          },
          "[:if, 33, 43, 4, 43, 77]": {
            "[:then, 34, 43, 4, 43, 53]": 1,
            "[:else, 35, 43, 4, 43, 77]": 2
          },
          "[:if, 36, 44, 4, 44, 67]": {
            "[:then, 37, 44, 4, 44, 48]": 1,
            "[:else, 38, 44, 4, 44, 67]": 2
          },
          "[:if, 39, 45, 4, 45, 69]": {
            "[:then, 40, 45, 4, 45, 49]": 2,
            "[:else, 41, 45, 4, 45, 69]": 1
          },
          "[:if, 42, 46, 4, 46, 67]": {
            "[:then, 43, 46, 4, 46, 48]": 2,
            "[:else, 44, 46, 4, 46, 67]": 1
          },
          "[:unless, 45, 47, 4, 47, 84]": {
            "[:else, 46, 47, 4, 47, 84]": 2,
            "[:then, 47, 47, 4, 47, 54]": 1
          }
        }
      },
      "/home/addisonmartin/RubymineProjects/ShareTheFood/app/decorators/application_decorator.rb": {
        "lines": [
          null,
          null,
          null,
          1,
          null,
          null,
          null,
          null,
          null,
          null,
          null
        ],
        "branches": {
        }
      },
      "/home/addisonmartin/RubymineProjects/ShareTheFood/app/policies/page_policy.rb": {
        "lines": [
          null,
          null,
          null,
          1,
          null,
          1,
          3,
          null,
          null
        ],
        "branches": {
        }
      },
      "/home/addisonmartin/RubymineProjects/ShareTheFood/app/policies/post_policy.rb": {
        "lines": [
          null,
          null,
          null,
          1,
          null,
          1,
          3,
          null,
          null,
          null,
          1,
          3,
          null,
          null,
          null,
          1,
          11,
          null,
          null,
          null,
          1,
          10,
          null,
          null,
          null,
          1,
          4,
          null,
          null
        ],
        "branches": {
        }
      },
      "/home/addisonmartin/RubymineProjects/ShareTheFood/app/decorators/post_decorator.rb": {
        "lines": [
          null,
          null,
          null,
          1,
          1,
          null,
          null,
          null,
          null,
          null,
          null,
          null,
          null,
          null,
          null
        ],
        "branches": {
        }
      },
      "/home/addisonmartin/RubymineProjects/ShareTheFood/app/controllers/users/unlocks_controller.rb": {
        "lines": [
          null,
          null,
          null,
          null,
          null,
          null,
          0,
          null,
          0,
          null,
          null,
          0,
          0,
          0,
          null,
          null,
          0,
          0,
          0,
          null,
          null,
          0,
          0,
          0,
          null,
          0,
          null,
          null,
          0,
          0,
          0,
          null,
          null,
          0,
          0,
          0,
          0,
          null,
          null
        ],
        "branches": {
        }
      },
      "/home/addisonmartin/RubymineProjects/ShareTheFood/app/controllers/users/passwords_controller.rb": {
        "lines": [
          null,
          null,
          null,
          null,
          null,
          null,
          0,
          null,
          0,
          null,
          null,
          0,
          0,
          0,
          null,
          null,
          0,
          0,
          0,
          null,
          null,
          0,
          0,
          0,
          null,
          null,
          0,
          0,
          0,
          null,
          0,
          null,
          0,
          0,
          0,
          null,
          null,
          0,
          0,
          0,
          0,
          null,
          null
        ],
        "branches": {
        }
      },
      "/home/addisonmartin/RubymineProjects/ShareTheFood/app/controllers/users/confirmations_controller.rb": {
        "lines": [
          null,
          null,
          null,
          null,
          null,
          null,
          0,
          null,
          0,
          null,
          null,
          0,
          0,
          0,
          null,
          null,
          0,
          0,
          0,
          null,
          null,
          0,
          0,
          0,
          null,
          0,
          null,
          null,
          0,
          0,
          0,
          null,
          null,
          0,
          0,
          0,
          0,
          null,
          null
        ],
        "branches": {
        }
      },
      "/home/addisonmartin/RubymineProjects/ShareTheFood/app/controllers/users/registrations_controller.rb": {
        "lines": [
          null,
          null,
          null,
          null,
          null,
          null,
          0,
          null,
          0,
          null,
          0,
          null,
          null,
          null,
          0,
          0,
          0,
          null,
          null,
          0,
          0,
          0,
          null,
          null,
          0,
          0,
          0,
          null,
          null,
          0,
          0,
          0,
          null,
          null,
          0,
          0,
          0,
          null,
          null,
          null,
          null,
          null,
          null,
          0,
          0,
          0,
          null,
          0,
          null,
          null,
          0,
          0,
          0,
          null,
          null,
          null,
          null,
          null,
          null,
          null,
          0,
          0,
          0,
          null,
          null,
          0,
          0,
          0,
          0,
          null,
          null
        ],
        "branches": {
        }
      },
      "/home/addisonmartin/RubymineProjects/ShareTheFood/app/controllers/users/sessions_controller.rb": {
        "lines": [
          null,
          null,
          null,
          null,
          null,
          null,
          0,
          null,
          0,
          null,
          null,
          null,
          null,
          0,
          0,
          0,
          null,
          null,
          0,
          0,
          0,
          null,
          null,
          0,
          0,
          0,
          null,
          null,
          null,
          null,
          null,
          null,
          null,
          0,
          null,
          null
        ],
        "branches": {
        }
      },
      "/home/addisonmartin/RubymineProjects/ShareTheFood/app/models/email_analytic.rb": {
        "lines": [
          null,
          null,
          null,
          null,
          null,
          null,
          null,
          null,
          null,
          null,
          null,
          null,
          null,
          null,
          null,
          null,
          null,
          null,
          null,
          null,
          null,
          null,
          0,
          0,
          0
        ],
        "branches": {
        }
      },
      "/home/addisonmartin/RubymineProjects/ShareTheFood/app/models/event.rb": {
        "lines": [
          null,
          null,
          null,
          null,
          null,
          null,
          null,
          null,
          null,
          null,
          null,
          null,
          null,
          null,
          null,
          null,
          null,
          null,
          null,
          null,
          null,
          null,
          null,
          null,
          0,
          0,
          null,
          0,
          0,
          0
        ],
        "branches": {
        }
      },
      "/home/addisonmartin/RubymineProjects/ShareTheFood/app/jobs/application_job.rb": {
        "lines": [
          null,
          null,
          null,
          0,
          null,
          null,
          null,
          null,
          null,
          0
        ],
        "branches": {
        }
      },
      "/home/addisonmartin/RubymineProjects/ShareTheFood/app/mailers/application_mailer.rb": {
        "lines": [
          null,
          null,
          null,
          0,
          0,
          0,
          null,
          0,
          0
        ],
        "branches": {
        }
      }
    },
    "timestamp": 1600556840
  }
}
